<?xml version="1.0" encoding="UTF-8"?>
<testng-results ignored="3" total="12" passed="9" failed="0" skipped="0">
  <reporter-output>
  </reporter-output>
  <suite started-at="2020-08-13T06:01:05Z" name="All Test Suite" finished-at="2020-08-13T06:02:05Z" duration-ms="60414">
    <groups>
    </groups>
    <test started-at="2020-08-13T06:01:05Z" name="C:/test-automation-workspace/nimble-tree-system-tests" finished-at="2020-08-13T06:02:05Z" duration-ms="60414">
      <class name="com.firebaseapp.tests.LoginTests">
        <test-method is-config="true" signature="beforeEachTest()[pri:0, instance:com.firebaseapp.tests.LoginTests@4ae3c1cd]" started-at="2020-08-13T06:01:11Z" name="beforeEachTest" finished-at="2020-08-13T06:01:14Z" duration-ms="3234" status="PASS">
          <reporter-output>
          </reporter-output>
        </test-method> <!-- beforeEachTest -->
        <test-method signature="loginTest()[pri:0, instance:com.firebaseapp.tests.LoginTests@4ae3c1cd]" started-at="2020-08-13T06:01:14Z" name="loginTest" finished-at="2020-08-13T06:01:17Z" duration-ms="2535" status="PASS">
          <reporter-output>
          </reporter-output>
        </test-method> <!-- loginTest -->
        <test-method is-config="true" signature="afterEachTest()[pri:0, instance:com.firebaseapp.tests.LoginTests@4ae3c1cd]" started-at="2020-08-13T06:01:17Z" name="afterEachTest" finished-at="2020-08-13T06:01:17Z" duration-ms="611" status="PASS">
          <reporter-output>
          </reporter-output>
        </test-method> <!-- afterEachTest -->
        <test-method is-config="true" signature="beforeEachTest()[pri:0, instance:com.firebaseapp.tests.LoginTests@4ae3c1cd]" started-at="2020-08-13T06:01:17Z" name="beforeEachTest" finished-at="2020-08-13T06:01:21Z" duration-ms="3269" status="PASS">
          <reporter-output>
          </reporter-output>
        </test-method> <!-- beforeEachTest -->
        <test-method signature="logoutTest()[pri:0, instance:com.firebaseapp.tests.LoginTests@4ae3c1cd]" started-at="2020-08-13T06:01:21Z" name="logoutTest" finished-at="2020-08-13T06:01:24Z" duration-ms="3365" status="PASS">
          <reporter-output>
          </reporter-output>
        </test-method> <!-- logoutTest -->
        <test-method is-config="true" signature="afterEachTest()[pri:0, instance:com.firebaseapp.tests.LoginTests@4ae3c1cd]" started-at="2020-08-13T06:01:24Z" name="afterEachTest" finished-at="2020-08-13T06:01:25Z" duration-ms="613" status="PASS">
          <reporter-output>
          </reporter-output>
        </test-method> <!-- afterEachTest -->
      </class> <!-- com.firebaseapp.tests.LoginTests -->
      <class name="com.firebaseapp.tests.HomePageTests">
        <test-method is-config="true" signature="beforeAllTests()[pri:0, instance:com.firebaseapp.tests.HomePageTests@3bbc39f8]" started-at="2020-08-13T06:01:05Z" name="beforeAllTests" finished-at="2020-08-13T06:01:05Z" duration-ms="750" status="PASS">
          <reporter-output>
          </reporter-output>
        </test-method> <!-- beforeAllTests -->
        <test-method is-config="true" signature="beforeEachTest()[pri:0, instance:com.firebaseapp.tests.HomePageTests@3bbc39f8]" started-at="2020-08-13T06:01:05Z" name="beforeEachTest" finished-at="2020-08-13T06:01:09Z" duration-ms="4090" status="PASS">
          <reporter-output>
          </reporter-output>
        </test-method> <!-- beforeEachTest -->
        <test-method signature="homePageElementsExistenceTest()[pri:0, instance:com.firebaseapp.tests.HomePageTests@3bbc39f8]" started-at="2020-08-13T06:01:09Z" name="homePageElementsExistenceTest" finished-at="2020-08-13T06:01:10Z" duration-ms="960" status="PASS">
          <reporter-output>
          </reporter-output>
        </test-method> <!-- homePageElementsExistenceTest -->
        <test-method is-config="true" signature="afterEachTest()[pri:0, instance:com.firebaseapp.tests.HomePageTests@3bbc39f8]" started-at="2020-08-13T06:01:10Z" name="afterEachTest" finished-at="2020-08-13T06:01:11Z" duration-ms="608" status="PASS">
          <reporter-output>
          </reporter-output>
        </test-method> <!-- afterEachTest -->
      </class> <!-- com.firebaseapp.tests.HomePageTests -->
      <class name="com.firebaseapp.tests.DashboardTests">
        <test-method is-config="true" signature="beforeEachTest()[pri:0, instance:com.firebaseapp.tests.DashboardTests@568bf312]" started-at="2020-08-13T06:01:32Z" name="beforeEachTest" finished-at="2020-08-13T06:01:35Z" duration-ms="3215" status="PASS">
          <reporter-output>
          </reporter-output>
        </test-method> <!-- beforeEachTest -->
        <test-method is-config="true" signature="login()[pri:0, instance:com.firebaseapp.tests.DashboardTests@568bf312]" started-at="2020-08-13T06:01:35Z" name="login" finished-at="2020-08-13T06:01:36Z" duration-ms="760" status="PASS">
          <reporter-output>
          </reporter-output>
        </test-method> <!-- login -->
        <test-method signature="allUsersLinkTest()[pri:0, instance:com.firebaseapp.tests.DashboardTests@568bf312]" started-at="2020-08-13T06:01:36Z" name="allUsersLinkTest" finished-at="2020-08-13T06:01:37Z" duration-ms="1909" status="PASS">
          <reporter-output>
          </reporter-output>
        </test-method> <!-- allUsersLinkTest -->
        <test-method is-config="true" signature="afterEachTest()[pri:0, instance:com.firebaseapp.tests.DashboardTests@568bf312]" started-at="2020-08-13T06:01:37Z" name="afterEachTest" finished-at="2020-08-13T06:01:38Z" duration-ms="645" status="PASS">
          <reporter-output>
          </reporter-output>
        </test-method> <!-- afterEachTest -->
        <test-method is-config="true" signature="beforeEachTest()[pri:0, instance:com.firebaseapp.tests.DashboardTests@568bf312]" started-at="2020-08-13T06:01:38Z" name="beforeEachTest" finished-at="2020-08-13T06:01:41Z" duration-ms="3221" status="PASS">
          <reporter-output>
          </reporter-output>
        </test-method> <!-- beforeEachTest -->
        <test-method is-config="true" signature="login()[pri:0, instance:com.firebaseapp.tests.DashboardTests@568bf312]" started-at="2020-08-13T06:01:41Z" name="login" finished-at="2020-08-13T06:01:42Z" duration-ms="730" status="PASS">
          <reporter-output>
          </reporter-output>
        </test-method> <!-- login -->
        <test-method signature="analyticsLinkTest()[pri:0, instance:com.firebaseapp.tests.DashboardTests@568bf312]" started-at="2020-08-13T06:01:42Z" name="analyticsLinkTest" finished-at="2020-08-13T06:01:44Z" duration-ms="2292" status="PASS">
          <reporter-output>
          </reporter-output>
        </test-method> <!-- analyticsLinkTest -->
        <test-method is-config="true" signature="afterEachTest()[pri:0, instance:com.firebaseapp.tests.DashboardTests@568bf312]" started-at="2020-08-13T06:01:44Z" name="afterEachTest" finished-at="2020-08-13T06:01:45Z" duration-ms="681" status="PASS">
          <reporter-output>
          </reporter-output>
        </test-method> <!-- afterEachTest -->
        <test-method is-config="true" signature="beforeEachTest()[pri:0, instance:com.firebaseapp.tests.DashboardTests@568bf312]" started-at="2020-08-13T06:01:45Z" name="beforeEachTest" finished-at="2020-08-13T06:01:48Z" duration-ms="3200" status="PASS">
          <reporter-output>
          </reporter-output>
        </test-method> <!-- beforeEachTest -->
        <test-method is-config="true" signature="login()[pri:0, instance:com.firebaseapp.tests.DashboardTests@568bf312]" started-at="2020-08-13T06:01:48Z" name="login" finished-at="2020-08-13T06:01:49Z" duration-ms="752" status="PASS">
          <reporter-output>
          </reporter-output>
        </test-method> <!-- login -->
        <test-method signature="automationLinkTest()[pri:0, instance:com.firebaseapp.tests.DashboardTests@568bf312]" started-at="2020-08-13T06:01:49Z" name="automationLinkTest" finished-at="2020-08-13T06:01:51Z" duration-ms="1824" status="PASS">
          <reporter-output>
          </reporter-output>
        </test-method> <!-- automationLinkTest -->
        <test-method is-config="true" signature="afterEachTest()[pri:0, instance:com.firebaseapp.tests.DashboardTests@568bf312]" started-at="2020-08-13T06:01:51Z" name="afterEachTest" finished-at="2020-08-13T06:01:51Z" duration-ms="630" status="PASS">
          <reporter-output>
          </reporter-output>
        </test-method> <!-- afterEachTest -->
        <test-method is-config="true" signature="beforeEachTest()[pri:0, instance:com.firebaseapp.tests.DashboardTests@568bf312]" started-at="2020-08-13T06:01:51Z" name="beforeEachTest" finished-at="2020-08-13T06:01:55Z" duration-ms="3201" status="PASS">
          <reporter-output>
          </reporter-output>
        </test-method> <!-- beforeEachTest -->
        <test-method is-config="true" signature="login()[pri:0, instance:com.firebaseapp.tests.DashboardTests@568bf312]" started-at="2020-08-13T06:01:55Z" name="login" finished-at="2020-08-13T06:01:55Z" duration-ms="782" status="PASS">
          <reporter-output>
          </reporter-output>
        </test-method> <!-- login -->
        <test-method signature="projectLinkTest()[pri:0, instance:com.firebaseapp.tests.DashboardTests@568bf312]" started-at="2020-08-13T06:01:55Z" name="projectLinkTest" finished-at="2020-08-13T06:01:57Z" duration-ms="1799" status="PASS">
          <reporter-output>
          </reporter-output>
        </test-method> <!-- projectLinkTest -->
        <test-method is-config="true" signature="afterEachTest()[pri:0, instance:com.firebaseapp.tests.DashboardTests@568bf312]" started-at="2020-08-13T06:01:57Z" name="afterEachTest" finished-at="2020-08-13T06:01:59Z" duration-ms="1328" status="PASS">
          <reporter-output>
          </reporter-output>
        </test-method> <!-- afterEachTest -->
        <test-method is-config="true" signature="beforeEachTest()[pri:0, instance:com.firebaseapp.tests.DashboardTests@568bf312]" started-at="2020-08-13T06:01:59Z" name="beforeEachTest" finished-at="2020-08-13T06:02:02Z" duration-ms="3264" status="PASS">
          <reporter-output>
          </reporter-output>
        </test-method> <!-- beforeEachTest -->
        <test-method is-config="true" signature="login()[pri:0, instance:com.firebaseapp.tests.DashboardTests@568bf312]" started-at="2020-08-13T06:02:02Z" name="login" finished-at="2020-08-13T06:02:03Z" duration-ms="754" status="PASS">
          <reporter-output>
          </reporter-output>
        </test-method> <!-- login -->
        <test-method signature="userManagementLinkTest()[pri:0, instance:com.firebaseapp.tests.DashboardTests@568bf312]" started-at="2020-08-13T06:02:03Z" name="userManagementLinkTest" finished-at="2020-08-13T06:02:04Z" duration-ms="1829" status="PASS">
          <reporter-output>
          </reporter-output>
        </test-method> <!-- userManagementLinkTest -->
        <test-method is-config="true" signature="afterEachTest()[pri:0, instance:com.firebaseapp.tests.DashboardTests@568bf312]" started-at="2020-08-13T06:02:04Z" name="afterEachTest" finished-at="2020-08-13T06:02:05Z" duration-ms="600" status="PASS">
          <reporter-output>
          </reporter-output>
        </test-method> <!-- afterEachTest -->
      </class> <!-- com.firebaseapp.tests.DashboardTests -->
      <class name="com.firebaseapp.tests.ApiKeyTests">
        <test-method is-config="true" signature="beforeEachTest()[pri:0, instance:com.firebaseapp.tests.ApiKeyTests@29f69090]" started-at="2020-08-13T06:01:25Z" name="beforeEachTest" finished-at="2020-08-13T06:01:28Z" duration-ms="3255" status="PASS">
          <reporter-output>
          </reporter-output>
        </test-method> <!-- beforeEachTest -->
        <test-method is-config="true" signature="login()[pri:0, instance:com.firebaseapp.tests.ApiKeyTests@29f69090]" started-at="2020-08-13T06:01:28Z" name="login" finished-at="2020-08-13T06:01:29Z" duration-ms="726" status="PASS">
          <reporter-output>
          </reporter-output>
        </test-method> <!-- login -->
        <test-method signature="showKeyTest()[pri:0, instance:com.firebaseapp.tests.ApiKeyTests@29f69090]" started-at="2020-08-13T06:01:29Z" name="showKeyTest" finished-at="2020-08-13T06:01:31Z" duration-ms="2292" status="PASS">
          <reporter-output>
          </reporter-output>
        </test-method> <!-- showKeyTest -->
        <test-method is-config="true" signature="afterEachTest()[pri:0, instance:com.firebaseapp.tests.ApiKeyTests@29f69090]" started-at="2020-08-13T06:01:31Z" name="afterEachTest" finished-at="2020-08-13T06:01:32Z" duration-ms="645" status="PASS">
          <reporter-output>
          </reporter-output>
        </test-method> <!-- afterEachTest -->
      </class> <!-- com.firebaseapp.tests.ApiKeyTests -->
    </test> <!-- C:/test-automation-workspace/nimble-tree-system-tests -->
  </suite> <!-- All Test Suite -->
</testng-results>
